2019-06-09 13:42:02,183 INFO: Microblog startup [in D:\Users\Nicholas Lim\Documents\University\Brown\Academics\CSCI\Misc\Python\Flask\microblog\app\__init__.py:28]
2019-06-09 17:10:09,489 INFO: Microblog startup [in D:\Users\Nicholas Lim\Documents\University\Brown\Academics\CSCI\Misc\Python\Flask\microblog\app\__init__.py:28]
2019-06-09 17:11:04,476 INFO: Microblog startup [in D:\Users\Nicholas Lim\Documents\University\Brown\Academics\CSCI\Misc\Python\Flask\microblog\app\__init__.py:28]
2019-06-09 17:11:30,227 INFO: Microblog startup [in D:\Users\Nicholas Lim\Documents\University\Brown\Academics\CSCI\Misc\Python\Flask\microblog\app\__init__.py:28]
2019-06-09 18:19:37,481 INFO: Microblog startup [in D:\Users\Nicholas Lim\Documents\University\Brown\Academics\CSCI\Misc\Python\Flask\microblog\app\__init__.py:28]
2019-06-09 18:25:26,878 INFO: Microblog startup [in D:\Users\Nicholas Lim\Documents\University\Brown\Academics\CSCI\Misc\Python\Flask\microblog\app\__init__.py:28]
2019-06-09 23:34:17,850 INFO: Microblog startup [in D:\Users\Nicholas Lim\Documents\University\Brown\Academics\CSCI\Misc\Python\Flask\microblog\app\__init__.py:28]
2019-06-10 21:30:25,169 INFO: Microblog startup [in D:\Users\Nicholas Lim\Documents\University\Brown\Academics\CSCI\Misc\Python\Flask\microblog\app\__init__.py:30]
2019-06-10 21:30:30,268 ERROR: Exception on /login [GET] [in d:\users\nicholas lim\documents\university\brown\academics\csci\misc\python\flask\microblog\venv\lib\site-packages\flask\app.py:1780]
Traceback (most recent call last):
  File "d:\users\nicholas lim\documents\university\brown\academics\csci\misc\python\flask\microblog\venv\lib\site-packages\flask\app.py", line 2311, in wsgi_app
    response = self.full_dispatch_request()
  File "d:\users\nicholas lim\documents\university\brown\academics\csci\misc\python\flask\microblog\venv\lib\site-packages\flask\app.py", line 1834, in full_dispatch_request
    rv = self.handle_user_exception(e)
  File "d:\users\nicholas lim\documents\university\brown\academics\csci\misc\python\flask\microblog\venv\lib\site-packages\flask\app.py", line 1737, in handle_user_exception
    reraise(exc_type, exc_value, tb)
  File "d:\users\nicholas lim\documents\university\brown\academics\csci\misc\python\flask\microblog\venv\lib\site-packages\flask\_compat.py", line 36, in reraise
    raise value
  File "d:\users\nicholas lim\documents\university\brown\academics\csci\misc\python\flask\microblog\venv\lib\site-packages\flask\app.py", line 1832, in full_dispatch_request
    rv = self.dispatch_request()
  File "d:\users\nicholas lim\documents\university\brown\academics\csci\misc\python\flask\microblog\venv\lib\site-packages\flask\app.py", line 1818, in dispatch_request
    return self.view_functions[rule.endpoint](**req.view_args)
  File "D:\Users\Nicholas Lim\Documents\University\Brown\Academics\CSCI\Misc\Python\Flask\microblog\app\routes.py", line 55, in login
    return render_template('login.html', title='Sign In', form=form)
  File "d:\users\nicholas lim\documents\university\brown\academics\csci\misc\python\flask\microblog\venv\lib\site-packages\flask\templating.py", line 135, in render_template
    context, ctx.app)
  File "d:\users\nicholas lim\documents\university\brown\academics\csci\misc\python\flask\microblog\venv\lib\site-packages\flask\templating.py", line 117, in _render
    rv = template.render(context)
  File "d:\users\nicholas lim\documents\university\brown\academics\csci\misc\python\flask\microblog\venv\lib\site-packages\jinja2\asyncsupport.py", line 76, in render
    return original_render(self, *args, **kwargs)
  File "d:\users\nicholas lim\documents\university\brown\academics\csci\misc\python\flask\microblog\venv\lib\site-packages\jinja2\environment.py", line 1008, in render
    return self.environment.handle_exception(exc_info, True)
  File "d:\users\nicholas lim\documents\university\brown\academics\csci\misc\python\flask\microblog\venv\lib\site-packages\jinja2\environment.py", line 780, in handle_exception
    reraise(exc_type, exc_value, tb)
  File "d:\users\nicholas lim\documents\university\brown\academics\csci\misc\python\flask\microblog\venv\lib\site-packages\jinja2\_compat.py", line 37, in reraise
    raise value.with_traceback(tb)
  File "D:\Users\Nicholas Lim\Documents\University\Brown\Academics\CSCI\Misc\Python\Flask\microblog\app\templates\login.html", line 1, in top-level template code
    {% extends "base.html" %}
  File "D:\Users\Nicholas Lim\Documents\University\Brown\Academics\CSCI\Misc\Python\Flask\microblog\app\templates\base.html", line 1, in top-level template code
    {% extends 'bootstrap/base.html' %}
  File "d:\users\nicholas lim\documents\university\brown\academics\csci\misc\python\flask\microblog\venv\lib\site-packages\flask_bootstrap\templates\bootstrap\base.html", line 1, in top-level template code
    {% block doc -%}
  File "d:\users\nicholas lim\documents\university\brown\academics\csci\misc\python\flask\microblog\venv\lib\site-packages\flask_bootstrap\templates\bootstrap\base.html", line 4, in block "doc"
    {%- block html %}
  File "d:\users\nicholas lim\documents\university\brown\academics\csci\misc\python\flask\microblog\venv\lib\site-packages\flask_bootstrap\templates\bootstrap\base.html", line 20, in block "html"
    {% block body -%}
  File "d:\users\nicholas lim\documents\university\brown\academics\csci\misc\python\flask\microblog\venv\lib\site-packages\flask_bootstrap\templates\bootstrap\base.html", line 23, in block "body"
    {% block content -%}
  File "D:\Users\Nicholas Lim\Documents\University\Brown\Academics\CSCI\Misc\Python\Flask\microblog\app\templates\base.html", line 77, in block "content"
    {% block app_content %}{% endblock %}
  File "D:\Users\Nicholas Lim\Documents\University\Brown\Academics\CSCI\Misc\Python\Flask\microblog\app\templates\login.html", line 11, in block "app_content"
    {{ wtf.quick_form(form) }}
  File "d:\users\nicholas lim\documents\university\brown\academics\csci\misc\python\flask\microblog\venv\lib\site-packages\jinja2\environment.py", line 430, in getattr
    return getattr(obj, attribute)
jinja2.exceptions.UndefinedError: 'wtf' is undefined
2019-06-10 21:33:23,101 INFO: Microblog startup [in D:\Users\Nicholas Lim\Documents\University\Brown\Academics\CSCI\Misc\Python\Flask\microblog\app\__init__.py:30]
